<?xml version="1.0" encoding="utf-8"?>
<TestRun id="6ede52ac-289a-413b-ab4d-70a62da47c83" name="olatu@OOLATUNJI 2021-10-17 18:36:04" runUser="OOLATUNJI\olatu" xmlns="http://microsoft.com/schemas/VisualStudio/TeamTest/2010">
  <Times creation="2021-10-17T18:36:04.7572895+01:00" queuing="2021-10-17T18:36:04.7572914+01:00" start="2021-10-17T18:36:01.2239179+01:00" finish="2021-10-17T18:36:04.8988502+01:00" />
  <TestSettings name="default" id="940dc01d-3abf-4fae-927b-f1994991b1e7">
    <Deployment runDeploymentRoot="olatu_OOLATUNJI_2021-10-17_18_36_04" />
  </TestSettings>
  <Results>
    <UnitTestResult executionId="c21b496a-0c76-43e4-9776-8cf4fb5e1974" testId="4c601724-6e18-76a1-6b89-fb62ecf0a5e9" testName="StarRating_Returns_TheCorrectListOfStars(&quot;3.52&quot;)" computerName="OOLATUNJI" duration="00:00:00.0001410" startTime="2021-10-17T18:36:04.0000000+01:00" endTime="2021-10-17T18:36:04.0000000+01:00" testType="13cdc9d9-ddb5-4fa4-a97d-d965ccfc6d4b" outcome="Passed" testListId="8c84fa94-04c1-424b-9868-57a2d4851a1d" relativeResultsDirectory="c21b496a-0c76-43e4-9776-8cf4fb5e1974" />
    <UnitTestResult executionId="93e9a25a-e748-4c50-b83e-5338b99a75d4" testId="7c6fa268-b584-693c-07a5-84af1e8429b3" testName="StarRating_Returns_TheCorrectListOfStars(&quot;2.75&quot;)" computerName="OOLATUNJI" duration="00:00:00.0002460" startTime="2021-10-17T18:36:04.0000000+01:00" endTime="2021-10-17T18:36:04.0000000+01:00" testType="13cdc9d9-ddb5-4fa4-a97d-d965ccfc6d4b" outcome="Passed" testListId="8c84fa94-04c1-424b-9868-57a2d4851a1d" relativeResultsDirectory="93e9a25a-e748-4c50-b83e-5338b99a75d4" />
    <UnitTestResult executionId="d303136a-4cca-48e0-8213-b9c39f51fd87" testId="456f0c4a-d17c-ee22-2c41-1f6b98d0932b" testName="StarRating_Returns_TheCorrectListOfStars(&quot;4.5&quot;)" computerName="OOLATUNJI" duration="00:00:00.0001330" startTime="2021-10-17T18:36:04.0000000+01:00" endTime="2021-10-17T18:36:04.0000000+01:00" testType="13cdc9d9-ddb5-4fa4-a97d-d965ccfc6d4b" outcome="Passed" testListId="8c84fa94-04c1-424b-9868-57a2d4851a1d" relativeResultsDirectory="d303136a-4cca-48e0-8213-b9c39f51fd87" />
    <UnitTestResult executionId="2d112e68-8a61-47d8-9e3b-60cf6d6d613a" testId="50e4c888-746a-0491-11a6-4c25a14b07ca" testName="StarRating_Returns_TheCorrectListOfStars(&quot;2.38&quot;)" computerName="OOLATUNJI" duration="00:00:00.0001410" startTime="2021-10-17T18:36:04.0000000+01:00" endTime="2021-10-17T18:36:04.0000000+01:00" testType="13cdc9d9-ddb5-4fa4-a97d-d965ccfc6d4b" outcome="Passed" testListId="8c84fa94-04c1-424b-9868-57a2d4851a1d" relativeResultsDirectory="2d112e68-8a61-47d8-9e3b-60cf6d6d613a" />
    <UnitTestResult executionId="d37067fa-5e29-4e3d-ac01-d7c0cbae8224" testId="86d01120-99f6-f537-0416-26316e5ff373" testName="StarRating_Returns_TheCorrectListOfStars(&quot;4.25&quot;)" computerName="OOLATUNJI" duration="00:00:00.0001299" startTime="2021-10-17T18:36:04.0000000+01:00" endTime="2021-10-17T18:36:04.0000000+01:00" testType="13cdc9d9-ddb5-4fa4-a97d-d965ccfc6d4b" outcome="Passed" testListId="8c84fa94-04c1-424b-9868-57a2d4851a1d" relativeResultsDirectory="d37067fa-5e29-4e3d-ac01-d7c0cbae8224" />
    <UnitTestResult executionId="31b1cff8-6d15-4d31-8e6a-d0eac2ad15a0" testId="e49eae53-31ce-f0a5-9885-867dc5dc5996" testName="StarRating_Returns_TheCorrectListOfStars(&quot;4.05&quot;)" computerName="OOLATUNJI" duration="00:00:00.0001170" startTime="2021-10-17T18:36:04.0000000+01:00" endTime="2021-10-17T18:36:04.0000000+01:00" testType="13cdc9d9-ddb5-4fa4-a97d-d965ccfc6d4b" outcome="Passed" testListId="8c84fa94-04c1-424b-9868-57a2d4851a1d" relativeResultsDirectory="31b1cff8-6d15-4d31-8e6a-d0eac2ad15a0" />
    <UnitTestResult executionId="76730f73-29cb-4081-9088-721bb3a207e2" testId="ea61d08a-7e52-9430-8217-d3ad9700b1a0" testName="StarRating_Returns_TheCorrectListOfStars(&quot;1.10&quot;)" computerName="OOLATUNJI" duration="00:00:00.0002940" startTime="2021-10-17T18:36:04.0000000+01:00" endTime="2021-10-17T18:36:04.0000000+01:00" testType="13cdc9d9-ddb5-4fa4-a97d-d965ccfc6d4b" outcome="Passed" testListId="8c84fa94-04c1-424b-9868-57a2d4851a1d" relativeResultsDirectory="76730f73-29cb-4081-9088-721bb3a207e2" />
    <UnitTestResult executionId="dadd05ca-b4eb-41fa-af52-4f368e0ab6bd" testId="63f97741-4b0b-ee3e-3a26-2a477f501ae2" testName="StarRating_Returns_TheCorrectListOfStars(&quot;0.15&quot;)" computerName="OOLATUNJI" duration="00:00:00.2806550" startTime="2021-10-17T18:36:04.0000000+01:00" endTime="2021-10-17T18:36:04.0000000+01:00" testType="13cdc9d9-ddb5-4fa4-a97d-d965ccfc6d4b" outcome="Passed" testListId="8c84fa94-04c1-424b-9868-57a2d4851a1d" relativeResultsDirectory="dadd05ca-b4eb-41fa-af52-4f368e0ab6bd" />
    <UnitTestResult executionId="14726237-b9d8-4941-a343-e9e774ce1760" testId="5b8080ff-fa01-dab9-2d84-fcd37721f910" testName="StarRating_Returns_TheCorrectListOfStars(&quot;5&quot;)" computerName="OOLATUNJI" duration="00:00:00.0000820" startTime="2021-10-17T18:36:04.0000000+01:00" endTime="2021-10-17T18:36:04.0000000+01:00" testType="13cdc9d9-ddb5-4fa4-a97d-d965ccfc6d4b" outcome="Passed" testListId="8c84fa94-04c1-424b-9868-57a2d4851a1d" relativeResultsDirectory="14726237-b9d8-4941-a343-e9e774ce1760" />
    <UnitTestResult executionId="5a89d4f0-a858-4a5b-a009-d7fd233a0105" testId="94b8b002-a746-9cea-b354-5229e89de06b" testName="StarRating_Returns_TheCorrectListOfStars(&quot;3.22&quot;)" computerName="OOLATUNJI" duration="00:00:00.0001530" startTime="2021-10-17T18:36:04.0000000+01:00" endTime="2021-10-17T18:36:04.0000000+01:00" testType="13cdc9d9-ddb5-4fa4-a97d-d965ccfc6d4b" outcome="Passed" testListId="8c84fa94-04c1-424b-9868-57a2d4851a1d" relativeResultsDirectory="5a89d4f0-a858-4a5b-a009-d7fd233a0105" />
    <UnitTestResult executionId="229b2cf9-2d5c-44c4-b6b4-e2fe902ba1de" testId="591f4d11-9faa-ca07-468c-37d7d1e227a8" testName="StarRating_Returns_TheCorrectListOfStars(&quot;1.54&quot;)" computerName="OOLATUNJI" duration="00:00:00.0002250" startTime="2021-10-17T18:36:04.0000000+01:00" endTime="2021-10-17T18:36:04.0000000+01:00" testType="13cdc9d9-ddb5-4fa4-a97d-d965ccfc6d4b" outcome="Passed" testListId="8c84fa94-04c1-424b-9868-57a2d4851a1d" relativeResultsDirectory="229b2cf9-2d5c-44c4-b6b4-e2fe902ba1de" />
    <UnitTestResult executionId="00462fb9-7303-4bca-a123-48e8930b1130" testId="1a6842b0-226b-ebd1-fe10-cb7008b5b351" testName="StarRating_Returns_TheCorrectListOfStars(&quot;0.38&quot;)" computerName="OOLATUNJI" duration="00:00:00.0006480" startTime="2021-10-17T18:36:04.0000000+01:00" endTime="2021-10-17T18:36:04.0000000+01:00" testType="13cdc9d9-ddb5-4fa4-a97d-d965ccfc6d4b" outcome="Passed" testListId="8c84fa94-04c1-424b-9868-57a2d4851a1d" relativeResultsDirectory="00462fb9-7303-4bca-a123-48e8930b1130" />
    <UnitTestResult executionId="fae33381-868f-49db-9701-96b634bd4fb8" testId="11ab7cb4-9174-70b9-eb2f-59dbf59a0e00" testName="StarRating_Returns_TheCorrectListOfStars(&quot;2&quot;)" computerName="OOLATUNJI" duration="00:00:00.0001830" startTime="2021-10-17T18:36:04.0000000+01:00" endTime="2021-10-17T18:36:04.0000000+01:00" testType="13cdc9d9-ddb5-4fa4-a97d-d965ccfc6d4b" outcome="Passed" testListId="8c84fa94-04c1-424b-9868-57a2d4851a1d" relativeResultsDirectory="fae33381-868f-49db-9701-96b634bd4fb8" />
  </Results>
  <TestDefinitions>
    <UnitTest name="StarRating_Returns_TheCorrectListOfStars(&quot;1.10&quot;)" storage="c:\users\olatu\projects\demo\awsm\star-rating\starrating\starrating.tests\bin\debug\net5.0\starrating.tests.dll" id="ea61d08a-7e52-9430-8217-d3ad9700b1a0">
      <Execution id="76730f73-29cb-4081-9088-721bb3a207e2" />
      <TestMethod codeBase="C:\Users\olatu\Projects\demo\AWSM\star-rating\StarRating\StarRating.Tests\bin\Debug\net5.0\StarRating.Tests.dll" adapterTypeName="executor://nunit3testexecutor/" className="StarRating.Tests.Tests" name="StarRating_Returns_TheCorrectListOfStars(&quot;1.10&quot;)" />
    </UnitTest>
    <UnitTest name="StarRating_Returns_TheCorrectListOfStars(&quot;2.38&quot;)" storage="c:\users\olatu\projects\demo\awsm\star-rating\starrating\starrating.tests\bin\debug\net5.0\starrating.tests.dll" id="50e4c888-746a-0491-11a6-4c25a14b07ca">
      <Execution id="2d112e68-8a61-47d8-9e3b-60cf6d6d613a" />
      <TestMethod codeBase="C:\Users\olatu\Projects\demo\AWSM\star-rating\StarRating\StarRating.Tests\bin\Debug\net5.0\StarRating.Tests.dll" adapterTypeName="executor://nunit3testexecutor/" className="StarRating.Tests.Tests" name="StarRating_Returns_TheCorrectListOfStars(&quot;2.38&quot;)" />
    </UnitTest>
    <UnitTest name="StarRating_Returns_TheCorrectListOfStars(&quot;0.38&quot;)" storage="c:\users\olatu\projects\demo\awsm\star-rating\starrating\starrating.tests\bin\debug\net5.0\starrating.tests.dll" id="1a6842b0-226b-ebd1-fe10-cb7008b5b351">
      <Execution id="00462fb9-7303-4bca-a123-48e8930b1130" />
      <TestMethod codeBase="C:\Users\olatu\Projects\demo\AWSM\star-rating\StarRating\StarRating.Tests\bin\Debug\net5.0\StarRating.Tests.dll" adapterTypeName="executor://nunit3testexecutor/" className="StarRating.Tests.Tests" name="StarRating_Returns_TheCorrectListOfStars(&quot;0.38&quot;)" />
    </UnitTest>
    <UnitTest name="StarRating_Returns_TheCorrectListOfStars(&quot;0.15&quot;)" storage="c:\users\olatu\projects\demo\awsm\star-rating\starrating\starrating.tests\bin\debug\net5.0\starrating.tests.dll" id="63f97741-4b0b-ee3e-3a26-2a477f501ae2">
      <Execution id="dadd05ca-b4eb-41fa-af52-4f368e0ab6bd" />
      <TestMethod codeBase="C:\Users\olatu\Projects\demo\AWSM\star-rating\StarRating\StarRating.Tests\bin\Debug\net5.0\StarRating.Tests.dll" adapterTypeName="executor://nunit3testexecutor/" className="StarRating.Tests.Tests" name="StarRating_Returns_TheCorrectListOfStars(&quot;0.15&quot;)" />
    </UnitTest>
    <UnitTest name="StarRating_Returns_TheCorrectListOfStars(&quot;1.54&quot;)" storage="c:\users\olatu\projects\demo\awsm\star-rating\starrating\starrating.tests\bin\debug\net5.0\starrating.tests.dll" id="591f4d11-9faa-ca07-468c-37d7d1e227a8">
      <Execution id="229b2cf9-2d5c-44c4-b6b4-e2fe902ba1de" />
      <TestMethod codeBase="C:\Users\olatu\Projects\demo\AWSM\star-rating\StarRating\StarRating.Tests\bin\Debug\net5.0\StarRating.Tests.dll" adapterTypeName="executor://nunit3testexecutor/" className="StarRating.Tests.Tests" name="StarRating_Returns_TheCorrectListOfStars(&quot;1.54&quot;)" />
    </UnitTest>
    <UnitTest name="StarRating_Returns_TheCorrectListOfStars(&quot;2&quot;)" storage="c:\users\olatu\projects\demo\awsm\star-rating\starrating\starrating.tests\bin\debug\net5.0\starrating.tests.dll" id="11ab7cb4-9174-70b9-eb2f-59dbf59a0e00">
      <Execution id="fae33381-868f-49db-9701-96b634bd4fb8" />
      <TestMethod codeBase="C:\Users\olatu\Projects\demo\AWSM\star-rating\StarRating\StarRating.Tests\bin\Debug\net5.0\StarRating.Tests.dll" adapterTypeName="executor://nunit3testexecutor/" className="StarRating.Tests.Tests" name="StarRating_Returns_TheCorrectListOfStars(&quot;2&quot;)" />
    </UnitTest>
    <UnitTest name="StarRating_Returns_TheCorrectListOfStars(&quot;4.25&quot;)" storage="c:\users\olatu\projects\demo\awsm\star-rating\starrating\starrating.tests\bin\debug\net5.0\starrating.tests.dll" id="86d01120-99f6-f537-0416-26316e5ff373">
      <Execution id="d37067fa-5e29-4e3d-ac01-d7c0cbae8224" />
      <TestMethod codeBase="C:\Users\olatu\Projects\demo\AWSM\star-rating\StarRating\StarRating.Tests\bin\Debug\net5.0\StarRating.Tests.dll" adapterTypeName="executor://nunit3testexecutor/" className="StarRating.Tests.Tests" name="StarRating_Returns_TheCorrectListOfStars(&quot;4.25&quot;)" />
    </UnitTest>
    <UnitTest name="StarRating_Returns_TheCorrectListOfStars(&quot;4.5&quot;)" storage="c:\users\olatu\projects\demo\awsm\star-rating\starrating\starrating.tests\bin\debug\net5.0\starrating.tests.dll" id="456f0c4a-d17c-ee22-2c41-1f6b98d0932b">
      <Execution id="d303136a-4cca-48e0-8213-b9c39f51fd87" />
      <TestMethod codeBase="C:\Users\olatu\Projects\demo\AWSM\star-rating\StarRating\StarRating.Tests\bin\Debug\net5.0\StarRating.Tests.dll" adapterTypeName="executor://nunit3testexecutor/" className="StarRating.Tests.Tests" name="StarRating_Returns_TheCorrectListOfStars(&quot;4.5&quot;)" />
    </UnitTest>
    <UnitTest name="StarRating_Returns_TheCorrectListOfStars(&quot;4.05&quot;)" storage="c:\users\olatu\projects\demo\awsm\star-rating\starrating\starrating.tests\bin\debug\net5.0\starrating.tests.dll" id="e49eae53-31ce-f0a5-9885-867dc5dc5996">
      <Execution id="31b1cff8-6d15-4d31-8e6a-d0eac2ad15a0" />
      <TestMethod codeBase="C:\Users\olatu\Projects\demo\AWSM\star-rating\StarRating\StarRating.Tests\bin\Debug\net5.0\StarRating.Tests.dll" adapterTypeName="executor://nunit3testexecutor/" className="StarRating.Tests.Tests" name="StarRating_Returns_TheCorrectListOfStars(&quot;4.05&quot;)" />
    </UnitTest>
    <UnitTest name="StarRating_Returns_TheCorrectListOfStars(&quot;3.52&quot;)" storage="c:\users\olatu\projects\demo\awsm\star-rating\starrating\starrating.tests\bin\debug\net5.0\starrating.tests.dll" id="4c601724-6e18-76a1-6b89-fb62ecf0a5e9">
      <Execution id="c21b496a-0c76-43e4-9776-8cf4fb5e1974" />
      <TestMethod codeBase="C:\Users\olatu\Projects\demo\AWSM\star-rating\StarRating\StarRating.Tests\bin\Debug\net5.0\StarRating.Tests.dll" adapterTypeName="executor://nunit3testexecutor/" className="StarRating.Tests.Tests" name="StarRating_Returns_TheCorrectListOfStars(&quot;3.52&quot;)" />
    </UnitTest>
    <UnitTest name="StarRating_Returns_TheCorrectListOfStars(&quot;5&quot;)" storage="c:\users\olatu\projects\demo\awsm\star-rating\starrating\starrating.tests\bin\debug\net5.0\starrating.tests.dll" id="5b8080ff-fa01-dab9-2d84-fcd37721f910">
      <Execution id="14726237-b9d8-4941-a343-e9e774ce1760" />
      <TestMethod codeBase="C:\Users\olatu\Projects\demo\AWSM\star-rating\StarRating\StarRating.Tests\bin\Debug\net5.0\StarRating.Tests.dll" adapterTypeName="executor://nunit3testexecutor/" className="StarRating.Tests.Tests" name="StarRating_Returns_TheCorrectListOfStars(&quot;5&quot;)" />
    </UnitTest>
    <UnitTest name="StarRating_Returns_TheCorrectListOfStars(&quot;2.75&quot;)" storage="c:\users\olatu\projects\demo\awsm\star-rating\starrating\starrating.tests\bin\debug\net5.0\starrating.tests.dll" id="7c6fa268-b584-693c-07a5-84af1e8429b3">
      <Execution id="93e9a25a-e748-4c50-b83e-5338b99a75d4" />
      <TestMethod codeBase="C:\Users\olatu\Projects\demo\AWSM\star-rating\StarRating\StarRating.Tests\bin\Debug\net5.0\StarRating.Tests.dll" adapterTypeName="executor://nunit3testexecutor/" className="StarRating.Tests.Tests" name="StarRating_Returns_TheCorrectListOfStars(&quot;2.75&quot;)" />
    </UnitTest>
    <UnitTest name="StarRating_Returns_TheCorrectListOfStars(&quot;3.22&quot;)" storage="c:\users\olatu\projects\demo\awsm\star-rating\starrating\starrating.tests\bin\debug\net5.0\starrating.tests.dll" id="94b8b002-a746-9cea-b354-5229e89de06b">
      <Execution id="5a89d4f0-a858-4a5b-a009-d7fd233a0105" />
      <TestMethod codeBase="C:\Users\olatu\Projects\demo\AWSM\star-rating\StarRating\StarRating.Tests\bin\Debug\net5.0\StarRating.Tests.dll" adapterTypeName="executor://nunit3testexecutor/" className="StarRating.Tests.Tests" name="StarRating_Returns_TheCorrectListOfStars(&quot;3.22&quot;)" />
    </UnitTest>
  </TestDefinitions>
  <TestEntries>
    <TestEntry testId="4c601724-6e18-76a1-6b89-fb62ecf0a5e9" executionId="c21b496a-0c76-43e4-9776-8cf4fb5e1974" testListId="8c84fa94-04c1-424b-9868-57a2d4851a1d" />
    <TestEntry testId="7c6fa268-b584-693c-07a5-84af1e8429b3" executionId="93e9a25a-e748-4c50-b83e-5338b99a75d4" testListId="8c84fa94-04c1-424b-9868-57a2d4851a1d" />
    <TestEntry testId="456f0c4a-d17c-ee22-2c41-1f6b98d0932b" executionId="d303136a-4cca-48e0-8213-b9c39f51fd87" testListId="8c84fa94-04c1-424b-9868-57a2d4851a1d" />
    <TestEntry testId="50e4c888-746a-0491-11a6-4c25a14b07ca" executionId="2d112e68-8a61-47d8-9e3b-60cf6d6d613a" testListId="8c84fa94-04c1-424b-9868-57a2d4851a1d" />
    <TestEntry testId="86d01120-99f6-f537-0416-26316e5ff373" executionId="d37067fa-5e29-4e3d-ac01-d7c0cbae8224" testListId="8c84fa94-04c1-424b-9868-57a2d4851a1d" />
    <TestEntry testId="e49eae53-31ce-f0a5-9885-867dc5dc5996" executionId="31b1cff8-6d15-4d31-8e6a-d0eac2ad15a0" testListId="8c84fa94-04c1-424b-9868-57a2d4851a1d" />
    <TestEntry testId="ea61d08a-7e52-9430-8217-d3ad9700b1a0" executionId="76730f73-29cb-4081-9088-721bb3a207e2" testListId="8c84fa94-04c1-424b-9868-57a2d4851a1d" />
    <TestEntry testId="63f97741-4b0b-ee3e-3a26-2a477f501ae2" executionId="dadd05ca-b4eb-41fa-af52-4f368e0ab6bd" testListId="8c84fa94-04c1-424b-9868-57a2d4851a1d" />
    <TestEntry testId="5b8080ff-fa01-dab9-2d84-fcd37721f910" executionId="14726237-b9d8-4941-a343-e9e774ce1760" testListId="8c84fa94-04c1-424b-9868-57a2d4851a1d" />
    <TestEntry testId="94b8b002-a746-9cea-b354-5229e89de06b" executionId="5a89d4f0-a858-4a5b-a009-d7fd233a0105" testListId="8c84fa94-04c1-424b-9868-57a2d4851a1d" />
    <TestEntry testId="591f4d11-9faa-ca07-468c-37d7d1e227a8" executionId="229b2cf9-2d5c-44c4-b6b4-e2fe902ba1de" testListId="8c84fa94-04c1-424b-9868-57a2d4851a1d" />
    <TestEntry testId="1a6842b0-226b-ebd1-fe10-cb7008b5b351" executionId="00462fb9-7303-4bca-a123-48e8930b1130" testListId="8c84fa94-04c1-424b-9868-57a2d4851a1d" />
    <TestEntry testId="11ab7cb4-9174-70b9-eb2f-59dbf59a0e00" executionId="fae33381-868f-49db-9701-96b634bd4fb8" testListId="8c84fa94-04c1-424b-9868-57a2d4851a1d" />
  </TestEntries>
  <TestLists>
    <TestList name="Results Not in a List" id="8c84fa94-04c1-424b-9868-57a2d4851a1d" />
    <TestList name="All Loaded Results" id="19431567-8539-422a-85d7-44ee4e166bda" />
  </TestLists>
  <ResultSummary outcome="Completed">
    <Counters total="13" executed="13" passed="13" failed="0" error="0" timeout="0" aborted="0" inconclusive="0" passedButRunAborted="0" notRunnable="0" notExecuted="0" disconnected="0" warning="0" completed="0" inProgress="0" pending="0" />
    <Output>
      <StdOut>NUnit Adapter 3.16.1.0: Test execution started&#xD;
Running all tests in C:\Users\olatu\Projects\demo\AWSM\star-rating\StarRating\StarRating.Tests\bin\Debug\net5.0\StarRating.Tests.dll&#xD;
   NUnit3TestExecutor converted 13 of 13 NUnit test cases&#xD;
NUnit Adapter 3.16.1.0: Test execution complete&#xD;
</StdOut>
    </Output>
  </ResultSummary>
</TestRun>