<test-run id="2" duration="0.2831479" testcasecount="13" total="13" passed="13" failed="0" inconclusive="0" skipped="0" result="Passed" start-time="2021-10-17T 17:36:01Z" end-time="2021-10-17T 17:36:04Z">
  <test-suite type="Assembly" name="StarRating.Tests.dll" fullname="C:\Users\olatu\Projects\demo\AWSM\star-rating\StarRating\StarRating.Tests\bin\Debug\net5.0\StarRating.Tests.dll" total="13" passed="13" failed="0" inconclusive="0" skipped="0" result="Passed" start-time="2021-10-17T 17:36:04Z" end-time="2021-10-17T 17:36:04Z" duration="0.2831479">
    <test-suite type="TestSuite" name="StarRating" fullname="StarRating" total="13" passed="13" failed="0" inconclusive="0" skipped="0" result="Passed" start-time="2021-10-17T 17:36:04Z" end-time="2021-10-17T 17:36:04Z" duration="0.2831479">
      <test-suite type="TestSuite" name="Tests" fullname="StarRating.Tests" total="13" passed="13" failed="0" inconclusive="0" skipped="0" result="Passed" start-time="2021-10-17T 17:36:04Z" end-time="2021-10-17T 17:36:04Z" duration="0.2831479">
        <test-suite type="TestFixture" name="Tests" fullname="StarRating.Tests.Tests" total="13" passed="13" failed="0" inconclusive="0" skipped="0" result="Passed" start-time="2021-10-17T 17:36:04Z" end-time="2021-10-17T 17:36:04Z" duration="0.2831479">
          <test-case name="StarRating_Returns_TheCorrectListOfStars(&quot;0.15&quot;)" fullname="StarRating.Tests.Tests.StarRating_Returns_TheCorrectListOfStars(&quot;0.15&quot;)" methodname="StarRating_Returns_TheCorrectListOfStars(&quot;0.15&quot;)" classname="Tests" result="Passed" start-time="2021-10-17T 17:36:04Z" end-time="2021-10-17T 17:36:04Z" duration="0.280655" asserts="0" />
          <test-case name="StarRating_Returns_TheCorrectListOfStars(&quot;0.38&quot;)" fullname="StarRating.Tests.Tests.StarRating_Returns_TheCorrectListOfStars(&quot;0.38&quot;)" methodname="StarRating_Returns_TheCorrectListOfStars(&quot;0.38&quot;)" classname="Tests" result="Passed" start-time="2021-10-17T 17:36:04Z" end-time="2021-10-17T 17:36:04Z" duration="0.000648" asserts="0" />
          <test-case name="StarRating_Returns_TheCorrectListOfStars(&quot;1.10&quot;)" fullname="StarRating.Tests.Tests.StarRating_Returns_TheCorrectListOfStars(&quot;1.10&quot;)" methodname="StarRating_Returns_TheCorrectListOfStars(&quot;1.10&quot;)" classname="Tests" result="Passed" start-time="2021-10-17T 17:36:04Z" end-time="2021-10-17T 17:36:04Z" duration="0.000294" asserts="0" />
          <test-case name="StarRating_Returns_TheCorrectListOfStars(&quot;1.54&quot;)" fullname="StarRating.Tests.Tests.StarRating_Returns_TheCorrectListOfStars(&quot;1.54&quot;)" methodname="StarRating_Returns_TheCorrectListOfStars(&quot;1.54&quot;)" classname="Tests" result="Passed" start-time="2021-10-17T 17:36:04Z" end-time="2021-10-17T 17:36:04Z" duration="0.000225" asserts="0" />
          <test-case name="StarRating_Returns_TheCorrectListOfStars(&quot;2&quot;)" fullname="StarRating.Tests.Tests.StarRating_Returns_TheCorrectListOfStars(&quot;2&quot;)" methodname="StarRating_Returns_TheCorrectListOfStars(&quot;2&quot;)" classname="Tests" result="Passed" start-time="2021-10-17T 17:36:04Z" end-time="2021-10-17T 17:36:04Z" duration="0.000183" asserts="0" />
          <test-case name="StarRating_Returns_TheCorrectListOfStars(&quot;2.38&quot;)" fullname="StarRating.Tests.Tests.StarRating_Returns_TheCorrectListOfStars(&quot;2.38&quot;)" methodname="StarRating_Returns_TheCorrectListOfStars(&quot;2.38&quot;)" classname="Tests" result="Passed" start-time="2021-10-17T 17:36:04Z" end-time="2021-10-17T 17:36:04Z" duration="0.000141" asserts="0" />
          <test-case name="StarRating_Returns_TheCorrectListOfStars(&quot;2.75&quot;)" fullname="StarRating.Tests.Tests.StarRating_Returns_TheCorrectListOfStars(&quot;2.75&quot;)" methodname="StarRating_Returns_TheCorrectListOfStars(&quot;2.75&quot;)" classname="Tests" result="Passed" start-time="2021-10-17T 17:36:04Z" end-time="2021-10-17T 17:36:04Z" duration="0.000246" asserts="0" />
          <test-case name="StarRating_Returns_TheCorrectListOfStars(&quot;3.22&quot;)" fullname="StarRating.Tests.Tests.StarRating_Returns_TheCorrectListOfStars(&quot;3.22&quot;)" methodname="StarRating_Returns_TheCorrectListOfStars(&quot;3.22&quot;)" classname="Tests" result="Passed" start-time="2021-10-17T 17:36:04Z" end-time="2021-10-17T 17:36:04Z" duration="0.000153" asserts="0" />
          <test-case name="StarRating_Returns_TheCorrectListOfStars(&quot;3.52&quot;)" fullname="StarRating.Tests.Tests.StarRating_Returns_TheCorrectListOfStars(&quot;3.52&quot;)" methodname="StarRating_Returns_TheCorrectListOfStars(&quot;3.52&quot;)" classname="Tests" result="Passed" start-time="2021-10-17T 17:36:04Z" end-time="2021-10-17T 17:36:04Z" duration="0.000141" asserts="0" />
          <test-case name="StarRating_Returns_TheCorrectListOfStars(&quot;4.05&quot;)" fullname="StarRating.Tests.Tests.StarRating_Returns_TheCorrectListOfStars(&quot;4.05&quot;)" methodname="StarRating_Returns_TheCorrectListOfStars(&quot;4.05&quot;)" classname="Tests" result="Passed" start-time="2021-10-17T 17:36:04Z" end-time="2021-10-17T 17:36:04Z" duration="0.000117" asserts="0" />
          <test-case name="StarRating_Returns_TheCorrectListOfStars(&quot;4.25&quot;)" fullname="StarRating.Tests.Tests.StarRating_Returns_TheCorrectListOfStars(&quot;4.25&quot;)" methodname="StarRating_Returns_TheCorrectListOfStars(&quot;4.25&quot;)" classname="Tests" result="Passed" start-time="2021-10-17T 17:36:04Z" end-time="2021-10-17T 17:36:04Z" duration="0.0001299" asserts="0" />
          <test-case name="StarRating_Returns_TheCorrectListOfStars(&quot;4.5&quot;)" fullname="StarRating.Tests.Tests.StarRating_Returns_TheCorrectListOfStars(&quot;4.5&quot;)" methodname="StarRating_Returns_TheCorrectListOfStars(&quot;4.5&quot;)" classname="Tests" result="Passed" start-time="2021-10-17T 17:36:04Z" end-time="2021-10-17T 17:36:04Z" duration="0.000133" asserts="0" />
          <test-case name="StarRating_Returns_TheCorrectListOfStars(&quot;5&quot;)" fullname="StarRating.Tests.Tests.StarRating_Returns_TheCorrectListOfStars(&quot;5&quot;)" methodname="StarRating_Returns_TheCorrectListOfStars(&quot;5&quot;)" classname="Tests" result="Passed" start-time="2021-10-17T 17:36:04Z" end-time="2021-10-17T 17:36:04Z" duration="8.2E-05" asserts="0" />
        </test-suite>
      </test-suite>
    </test-suite>
    <errors />
  </test-suite>
</test-run>